<?xml version="1.0" encoding="UTF-8"?>
<coverage generated="1575402306097" clover="3.2.0">
  <project timestamp="1575402306097" name="All files">
    <metrics statements="27" coveredstatements="21" conditionals="0" coveredconditionals="0" methods="15" coveredmethods="8" elements="42" coveredelements="29" complexity="0" loc="27" ncloc="27" packages="1" files="3" classes="3"/>
    <file name="dealer.js" path="/home/arnar/HagnytGaidaStjornunOgProfanir/game_api/dealer.js">
      <metrics statements="10" coveredstatements="4" conditionals="0" coveredconditionals="0" methods="3" coveredmethods="2"/>
      <line num="1" count="1" type="stmt"/>
      <line num="2" count="1" type="stmt"/>
      <line num="4" count="0" type="stmt"/>
      <line num="5" count="0" type="stmt"/>
      <line num="6" count="0" type="stmt"/>
      <line num="7" count="0" type="stmt"/>
      <line num="8" count="0" type="stmt"/>
      <line num="9" count="0" type="stmt"/>
      <line num="13" count="2" type="stmt"/>
      <line num="14" count="2" type="stmt"/>
    </file>
    <file name="deck.js" path="/home/arnar/HagnytGaidaStjornunOgProfanir/game_api/deck.js">
      <metrics statements="2" coveredstatements="2" conditionals="0" coveredconditionals="0" methods="1" coveredmethods="1"/>
      <line num="1" count="1" type="stmt"/>
      <line num="2" count="1" type="stmt"/>
    </file>
    <file name="lucky21.js" path="/home/arnar/HagnytGaidaStjornunOgProfanir/game_api/lucky21.js">
      <metrics statements="15" coveredstatements="15" conditionals="0" coveredconditionals="0" methods="11" coveredmethods="5"/>
      <line num="1" count="1" type="stmt"/>
      <line num="2" count="1" type="stmt"/>
      <line num="3" count="1" type="stmt"/>
      <line num="4" count="1" type="stmt"/>
      <line num="5" count="1" type="stmt"/>
      <line num="16" count="1" type="stmt"/>
      <line num="21" count="1" type="stmt"/>
      <line num="38" count="1" type="stmt"/>
      <line num="39" count="1" type="stmt"/>
      <line num="41" count="1" type="stmt"/>
      <line num="42" count="1" type="stmt"/>
      <line num="44" count="1" type="stmt"/>
      <line num="45" count="1" type="stmt"/>
      <line num="49" count="2" type="stmt"/>
      <line num="62" count="1" type="stmt"/>
    </file>
  </project>
</coverage>
