{"/home/arnar/HagnytGaidaStjornunOgProfanir/game_api/dealer.js": {"path":"/home/arnar/HagnytGaidaStjornunOgProfanir/game_api/dealer.js","statementMap":{"0":{"start":{"line":1,"column":0},"end":{"line":17,"column":2}},"1":{"start":{"line":2,"column":4},"end":{"line":16,"column":6}},"2":{"start":{"line":4,"column":12},"end":{"line":10,"column":13}},"3":{"start":{"line":4,"column":25},"end":{"line":4,"column":26}},"4":{"start":{"line":5,"column":26},"end":{"line":5,"column":75}},"5":{"start":{"line":6,"column":29},"end":{"line":6,"column":36}},"6":{"start":{"line":7,"column":28},"end":{"line":7,"column":35}},"7":{"start":{"line":8,"column":16},"end":{"line":8,"column":31}},"8":{"start":{"line":9,"column":16},"end":{"line":9,"column":30}},"9":{"start":{"line":13,"column":25},"end":{"line":13,"column":35}},"10":{"start":{"line":14,"column":12},"end":{"line":14,"column":24}}},"fnMap":{"0":{"name":"(anonymous_0)","decl":{"start":{"line":1,"column":17},"end":{"line":1,"column":18}},"loc":{"start":{"line":1,"column":23},"end":{"line":17,"column":1}},"line":1},"1":{"name":"(anonymous_1)","decl":{"start":{"line":3,"column":17},"end":{"line":3,"column":18}},"loc":{"start":{"line":3,"column":27},"end":{"line":11,"column":9}},"line":3},"2":{"name":"(anonymous_2)","decl":{"start":{"line":12,"column":14},"end":{"line":12,"column":15}},"loc":{"start":{"line":12,"column":24},"end":{"line":15,"column":9}},"line":12}},"branchMap":{},"s":{"0":1,"1":1,"2":0,"3":0,"4":0,"5":0,"6":0,"7":0,"8":0,"9":2,"10":2},"f":{"0":1,"1":0,"2":2},"b":{},"_coverageSchema":"43e27e138ebf9cfc5966b082cf9a028302ed4184","hash":"4c6bb95278a995d05614494a7acb54b8f3d8a020"}
,"/home/arnar/HagnytGaidaStjornunOgProfanir/game_api/deck.js": {"path":"/home/arnar/HagnytGaidaStjornunOgProfanir/game_api/deck.js","statementMap":{"0":{"start":{"line":1,"column":0},"end":{"line":8,"column":2}},"1":{"start":{"line":2,"column":4},"end":{"line":7,"column":6}}},"fnMap":{"0":{"name":"(anonymous_0)","decl":{"start":{"line":1,"column":17},"end":{"line":1,"column":18}},"loc":{"start":{"line":1,"column":23},"end":{"line":8,"column":1}},"line":1}},"branchMap":{},"s":{"0":1,"1":1},"f":{"0":1},"b":{},"_coverageSchema":"43e27e138ebf9cfc5966b082cf9a028302ed4184","hash":"5c92ea671d79cd1b16441b9aca48219e6b6f394f"}
,"/home/arnar/HagnytGaidaStjornunOgProfanir/game_api/lucky21.js": {"path":"/home/arnar/HagnytGaidaStjornunOgProfanir/game_api/lucky21.js","statementMap":{"0":{"start":{"line":1,"column":0},"end":{"line":70,"column":2}},"1":{"start":{"line":2,"column":4},"end":{"line":2,"column":25}},"2":{"start":{"line":3,"column":16},"end":{"line":3,"column":33}},"3":{"start":{"line":4,"column":16},"end":{"line":4,"column":33}},"4":{"start":{"line":5,"column":16},"end":{"line":15,"column":5}},"5":{"start":{"line":16,"column":4},"end":{"line":69,"column":6}},"6":{"start":{"line":21,"column":12},"end":{"line":21,"column":25}},"7":{"start":{"line":38,"column":41},"end":{"line":38,"column":73}},"8":{"start":{"line":39,"column":42},"end":{"line":39,"column":74}},"9":{"start":{"line":41,"column":34},"end":{"line":41,"column":64}},"10":{"start":{"line":42,"column":35},"end":{"line":42,"column":66}},"11":{"start":{"line":44,"column":12},"end":{"line":44,"column":64}},"12":{"start":{"line":45,"column":12},"end":{"line":45,"column":65}},"13":{"start":{"line":49,"column":12},"end":{"line":49,"column":88}},"14":{"start":{"line":62,"column":12},"end":{"line":62,"column":36}}},"fnMap":{"0":{"name":"(anonymous_0)","decl":{"start":{"line":1,"column":17},"end":{"line":1,"column":18}},"loc":{"start":{"line":1,"column":35},"end":{"line":70,"column":1}},"line":1},"1":{"name":"(anonymous_1)","decl":{"start":{"line":19,"column":20},"end":{"line":19,"column":21}},"loc":{"start":{"line":19,"column":30},"end":{"line":22,"column":9}},"line":19},"2":{"name":"(anonymous_2)","decl":{"start":{"line":24,"column":19},"end":{"line":24,"column":20}},"loc":{"start":{"line":24,"column":29},"end":{"line":26,"column":9}},"line":24},"3":{"name":"(anonymous_3)","decl":{"start":{"line":28,"column":23},"end":{"line":28,"column":24}},"loc":{"start":{"line":28,"column":33},"end":{"line":30,"column":9}},"line":28},"4":{"name":"(anonymous_4)","decl":{"start":{"line":32,"column":22},"end":{"line":32,"column":23}},"loc":{"start":{"line":32,"column":32},"end":{"line":34,"column":9}},"line":32},"5":{"name":"(anonymous_5)","decl":{"start":{"line":36,"column":21},"end":{"line":36,"column":22}},"loc":{"start":{"line":36,"column":31},"end":{"line":46,"column":9}},"line":36},"6":{"name":"(anonymous_6)","decl":{"start":{"line":48,"column":18},"end":{"line":48,"column":19}},"loc":{"start":{"line":48,"column":28},"end":{"line":50,"column":9}},"line":48},"7":{"name":"(anonymous_7)","decl":{"start":{"line":52,"column":18},"end":{"line":52,"column":19}},"loc":{"start":{"line":52,"column":28},"end":{"line":54,"column":9}},"line":52},"8":{"name":"(anonymous_8)","decl":{"start":{"line":56,"column":17},"end":{"line":56,"column":18}},"loc":{"start":{"line":56,"column":27},"end":{"line":58,"column":9}},"line":56},"9":{"name":"(anonymous_9)","decl":{"start":{"line":60,"column":24},"end":{"line":60,"column":25}},"loc":{"start":{"line":60,"column":34},"end":{"line":63,"column":9}},"line":60},"10":{"name":"(anonymous_10)","decl":{"start":{"line":65,"column":21},"end":{"line":65,"column":22}},"loc":{"start":{"line":65,"column":31},"end":{"line":68,"column":9}},"line":65}},"branchMap":{},"s":{"0":1,"1":1,"2":1,"3":1,"4":1,"5":1,"6":1,"7":1,"8":1,"9":1,"10":1,"11":1,"12":1,"13":2,"14":1},"f":{"0":1,"1":1,"2":0,"3":0,"4":0,"5":1,"6":2,"7":0,"8":0,"9":1,"10":0},"b":{},"_coverageSchema":"43e27e138ebf9cfc5966b082cf9a028302ed4184","hash":"fd494d0f014805281f0d2cdc3c36143f981a8008"}
}
