{"/home/arnar/HagnytGaidaStjornunOgProfanir/game_api/lucky21.js": {"path":"/home/arnar/HagnytGaidaStjornunOgProfanir/game_api/lucky21.js","statementMap":{"0":{"start":{"line":1,"column":24},"end":{"line":1,"column":44}},"1":{"start":{"line":2,"column":26},"end":{"line":2,"column":48}},"2":{"start":{"line":4,"column":0},"end":{"line":148,"column":2}},"3":{"start":{"line":5,"column":4},"end":{"line":5,"column":25}},"4":{"start":{"line":6,"column":16},"end":{"line":6,"column":33}},"5":{"start":{"line":7,"column":16},"end":{"line":7,"column":33}},"6":{"start":{"line":8,"column":16},"end":{"line":19,"column":5}},"7":{"start":{"line":20,"column":4},"end":{"line":147,"column":6}},"8":{"start":{"line":25,"column":12},"end":{"line":27,"column":13}},"9":{"start":{"line":26,"column":16},"end":{"line":26,"column":28}},"10":{"start":{"line":29,"column":12},"end":{"line":29,"column":25}},"11":{"start":{"line":33,"column":12},"end":{"line":35,"column":13}},"12":{"start":{"line":34,"column":16},"end":{"line":34,"column":28}},"13":{"start":{"line":36,"column":12},"end":{"line":36,"column":25}},"14":{"start":{"line":40,"column":24},"end":{"line":40,"column":40}},"15":{"start":{"line":41,"column":22},"end":{"line":41,"column":23}},"16":{"start":{"line":43,"column":12},"end":{"line":47,"column":13}},"17":{"start":{"line":43,"column":25},"end":{"line":43,"column":26}},"18":{"start":{"line":44,"column":16},"end":{"line":46,"column":17}},"19":{"start":{"line":45,"column":20},"end":{"line":45,"column":54}},"20":{"start":{"line":48,"column":12},"end":{"line":48,"column":23}},"21":{"start":{"line":53,"column":12},"end":{"line":55,"column":13}},"22":{"start":{"line":54,"column":16},"end":{"line":54,"column":57}},"23":{"start":{"line":59,"column":12},"end":{"line":59,"column":45}},"24":{"start":{"line":65,"column":12},"end":{"line":69,"column":13}},"25":{"start":{"line":65,"column":25},"end":{"line":65,"column":26}},"26":{"start":{"line":67,"column":36},"end":{"line":67,"column":68}},"27":{"start":{"line":68,"column":16},"end":{"line":68,"column":75}},"28":{"start":{"line":70,"column":12},"end":{"line":70,"column":49}},"29":{"start":{"line":75,"column":12},"end":{"line":84,"column":13}},"30":{"start":{"line":75,"column":25},"end":{"line":75,"column":26}},"31":{"start":{"line":76,"column":16},"end":{"line":78,"column":17}},"32":{"start":{"line":77,"column":20},"end":{"line":77,"column":58}},"33":{"start":{"line":81,"column":16},"end":{"line":83,"column":17}},"34":{"start":{"line":82,"column":20},"end":{"line":82,"column":58}},"35":{"start":{"line":85,"column":24},"end":{"line":85,"column":55}},"36":{"start":{"line":85,"column":42},"end":{"line":85,"column":55}},"37":{"start":{"line":86,"column":12},"end":{"line":86,"column":73}},"38":{"start":{"line":90,"column":12},"end":{"line":90,"column":36}},"39":{"start":{"line":94,"column":12},"end":{"line":94,"column":35}},"40":{"start":{"line":99,"column":12},"end":{"line":99,"column":31}},"41":{"start":{"line":103,"column":12},"end":{"line":103,"column":36}},"42":{"start":{"line":104,"column":23},"end":{"line":104,"column":74}},"43":{"start":{"line":106,"column":12},"end":{"line":106,"column":39}},"44":{"start":{"line":107,"column":12},"end":{"line":107,"column":32}},"45":{"start":{"line":109,"column":12},"end":{"line":112,"column":13}},"46":{"start":{"line":110,"column":16},"end":{"line":110,"column":42}},"47":{"start":{"line":111,"column":16},"end":{"line":111,"column":28}},"48":{"start":{"line":113,"column":12},"end":{"line":113,"column":24}},"49":{"start":{"line":119,"column":23},"end":{"line":119,"column":40}},"50":{"start":{"line":120,"column":25},"end":{"line":120,"column":44}},"51":{"start":{"line":121,"column":12},"end":{"line":121,"column":35}},"52":{"start":{"line":122,"column":12},"end":{"line":122,"column":39}},"53":{"start":{"line":123,"column":12},"end":{"line":123,"column":36}},"54":{"start":{"line":124,"column":12},"end":{"line":124,"column":32}},"55":{"start":{"line":127,"column":12},"end":{"line":129,"column":13}},"56":{"start":{"line":128,"column":16},"end":{"line":128,"column":57}},"57":{"start":{"line":133,"column":23},"end":{"line":133,"column":40}},"58":{"start":{"line":134,"column":25},"end":{"line":134,"column":44}},"59":{"start":{"line":135,"column":12},"end":{"line":135,"column":33}},"60":{"start":{"line":137,"column":12},"end":{"line":137,"column":35}},"61":{"start":{"line":138,"column":12},"end":{"line":138,"column":39}},"62":{"start":{"line":139,"column":12},"end":{"line":139,"column":36}},"63":{"start":{"line":140,"column":12},"end":{"line":140,"column":32}},"64":{"start":{"line":141,"column":12},"end":{"line":141,"column":53}},"65":{"start":{"line":142,"column":12},"end":{"line":142,"column":48}},"66":{"start":{"line":144,"column":12},"end":{"line":144,"column":34}},"67":{"start":{"line":145,"column":12},"end":{"line":145,"column":33}}},"fnMap":{"0":{"name":"(anonymous_0)","decl":{"start":{"line":4,"column":17},"end":{"line":4,"column":18}},"loc":{"start":{"line":4,"column":35},"end":{"line":148,"column":1}},"line":4},"1":{"name":"(anonymous_1)","decl":{"start":{"line":23,"column":20},"end":{"line":23,"column":21}},"loc":{"start":{"line":23,"column":30},"end":{"line":30,"column":9}},"line":23},"2":{"name":"(anonymous_2)","decl":{"start":{"line":32,"column":19},"end":{"line":32,"column":20}},"loc":{"start":{"line":32,"column":29},"end":{"line":37,"column":9}},"line":32},"3":{"name":"(anonymous_3)","decl":{"start":{"line":39,"column":23},"end":{"line":39,"column":24}},"loc":{"start":{"line":39,"column":33},"end":{"line":49,"column":9}},"line":39},"4":{"name":"(anonymous_4)","decl":{"start":{"line":51,"column":22},"end":{"line":51,"column":23}},"loc":{"start":{"line":51,"column":32},"end":{"line":56,"column":9}},"line":51},"5":{"name":"(anonymous_5)","decl":{"start":{"line":58,"column":21},"end":{"line":58,"column":22}},"loc":{"start":{"line":58,"column":31},"end":{"line":60,"column":9}},"line":58},"6":{"name":"(anonymous_6)","decl":{"start":{"line":63,"column":22},"end":{"line":63,"column":23}},"loc":{"start":{"line":63,"column":32},"end":{"line":71,"column":9}},"line":63},"7":{"name":"(anonymous_7)","decl":{"start":{"line":73,"column":18},"end":{"line":73,"column":19}},"loc":{"start":{"line":73,"column":28},"end":{"line":87,"column":9}},"line":73},"8":{"name":"(anonymous_8)","decl":{"start":{"line":85,"column":24},"end":{"line":85,"column":25}},"loc":{"start":{"line":85,"column":42},"end":{"line":85,"column":55}},"line":85},"9":{"name":"(anonymous_9)","decl":{"start":{"line":89,"column":18},"end":{"line":89,"column":19}},"loc":{"start":{"line":89,"column":28},"end":{"line":91,"column":9}},"line":89},"10":{"name":"(anonymous_10)","decl":{"start":{"line":93,"column":17},"end":{"line":93,"column":18}},"loc":{"start":{"line":93,"column":27},"end":{"line":95,"column":9}},"line":93},"11":{"name":"(anonymous_11)","decl":{"start":{"line":98,"column":18},"end":{"line":98,"column":19}},"loc":{"start":{"line":98,"column":29},"end":{"line":100,"column":9}},"line":98},"12":{"name":"(anonymous_12)","decl":{"start":{"line":102,"column":21},"end":{"line":102,"column":22}},"loc":{"start":{"line":102,"column":31},"end":{"line":114,"column":9}},"line":102},"13":{"name":"(anonymous_13)","decl":{"start":{"line":117,"column":24},"end":{"line":117,"column":25}},"loc":{"start":{"line":117,"column":34},"end":{"line":130,"column":9}},"line":117},"14":{"name":"(anonymous_14)","decl":{"start":{"line":132,"column":21},"end":{"line":132,"column":22}},"loc":{"start":{"line":132,"column":31},"end":{"line":146,"column":9}},"line":132}},"branchMap":{"0":{"loc":{"start":{"line":25,"column":12},"end":{"line":27,"column":13}},"type":"if","locations":[{"start":{"line":25,"column":12},"end":{"line":27,"column":13}},{"start":{"line":25,"column":12},"end":{"line":27,"column":13}}],"line":25},"1":{"loc":{"start":{"line":25,"column":16},"end":{"line":25,"column":130}},"type":"binary-expr","locations":[{"start":{"line":25,"column":17},"end":{"line":25,"column":38}},{"start":{"line":25,"column":42},"end":{"line":25,"column":70}},{"start":{"line":25,"column":76},"end":{"line":25,"column":97}},{"start":{"line":25,"column":101},"end":{"line":25,"column":129}}],"line":25},"2":{"loc":{"start":{"line":33,"column":12},"end":{"line":35,"column":13}},"type":"if","locations":[{"start":{"line":33,"column":12},"end":{"line":35,"column":13}},{"start":{"line":33,"column":12},"end":{"line":35,"column":13}}],"line":33},"3":{"loc":{"start":{"line":33,"column":16},"end":{"line":33,"column":126}},"type":"binary-expr","locations":[{"start":{"line":33,"column":17},"end":{"line":33,"column":34}},{"start":{"line":33,"column":38},"end":{"line":33,"column":66}},{"start":{"line":33,"column":72},"end":{"line":33,"column":93}},{"start":{"line":33,"column":97},"end":{"line":33,"column":125}}],"line":33},"4":{"loc":{"start":{"line":44,"column":16},"end":{"line":46,"column":17}},"type":"if","locations":[{"start":{"line":44,"column":16},"end":{"line":46,"column":17}},{"start":{"line":44,"column":16},"end":{"line":46,"column":17}}],"line":44},"5":{"loc":{"start":{"line":53,"column":12},"end":{"line":55,"column":13}},"type":"if","locations":[{"start":{"line":53,"column":12},"end":{"line":55,"column":13}},{"start":{"line":53,"column":12},"end":{"line":55,"column":13}}],"line":53},"6":{"loc":{"start":{"line":76,"column":16},"end":{"line":78,"column":17}},"type":"if","locations":[{"start":{"line":76,"column":16},"end":{"line":78,"column":17}},{"start":{"line":76,"column":16},"end":{"line":78,"column":17}}],"line":76},"7":{"loc":{"start":{"line":76,"column":20},"end":{"line":76,"column":142}},"type":"binary-expr","locations":[{"start":{"line":76,"column":20},"end":{"line":76,"column":58}},{"start":{"line":76,"column":62},"end":{"line":76,"column":100}},{"start":{"line":76,"column":104},"end":{"line":76,"column":142}}],"line":76},"8":{"loc":{"start":{"line":81,"column":16},"end":{"line":83,"column":17}},"type":"if","locations":[{"start":{"line":81,"column":16},"end":{"line":83,"column":17}},{"start":{"line":81,"column":16},"end":{"line":83,"column":17}}],"line":81},"9":{"loc":{"start":{"line":109,"column":12},"end":{"line":112,"column":13}},"type":"if","locations":[{"start":{"line":109,"column":12},"end":{"line":112,"column":13}},{"start":{"line":109,"column":12},"end":{"line":112,"column":13}}],"line":109},"10":{"loc":{"start":{"line":127,"column":12},"end":{"line":129,"column":13}},"type":"if","locations":[{"start":{"line":127,"column":12},"end":{"line":129,"column":13}},{"start":{"line":127,"column":12},"end":{"line":129,"column":13}}],"line":127},"11":{"loc":{"start":{"line":127,"column":16},"end":{"line":127,"column":79}},"type":"binary-expr","locations":[{"start":{"line":127,"column":16},"end":{"line":127,"column":45}},{"start":{"line":127,"column":49},"end":{"line":127,"column":79}}],"line":127}},"s":{"0":1,"1":1,"2":1,"3":15,"4":15,"5":15,"6":15,"7":15,"8":11,"9":5,"10":6,"11":12,"12":5,"13":7,"14":1,"15":1,"16":1,"17":1,"18":2,"19":2,"20":1,"21":2,"22":1,"23":4,"24":11,"25":11,"26":30,"27":30,"28":11,"29":14,"30":14,"31":42,"32":4,"33":42,"34":5,"35":14,"36":28,"37":14,"38":1,"39":3,"40":4,"41":1,"42":1,"43":1,"44":1,"45":1,"46":1,"47":1,"48":0,"49":3,"50":3,"51":3,"52":3,"53":3,"54":3,"55":3,"56":1,"57":3,"58":3,"59":3,"60":3,"61":3,"62":3,"63":3,"64":3,"65":3,"66":3,"67":3},"f":{"0":15,"1":11,"2":12,"3":1,"4":2,"5":4,"6":11,"7":14,"8":28,"9":1,"10":3,"11":4,"12":1,"13":3,"14":3},"b":{"0":[5,6],"1":[11,4,8,5],"2":[5,7],"3":[12,4,9,4],"4":[2,0],"5":[1,1],"6":[4,38],"7":[42,40,39],"8":[5,37],"9":[1,0],"10":[1,2],"11":[3,2]},"_coverageSchema":"43e27e138ebf9cfc5966b082cf9a028302ed4184","hash":"081c4c85f78cf524f2082f8f371c9e2b13ffd801"}
}
