TN:
SF:/home/arnar/HagnytGaidaStjornunOgProfanir/game_api/lucky21.js
FN:4,(anonymous_0)
FN:23,(anonymous_1)
FN:32,(anonymous_2)
FN:39,(anonymous_3)
FN:51,(anonymous_4)
FN:58,(anonymous_5)
FN:63,(anonymous_6)
FN:73,(anonymous_7)
FN:85,(anonymous_8)
FN:89,(anonymous_9)
FN:93,(anonymous_10)
FN:98,(anonymous_11)
FN:102,(anonymous_12)
FN:117,(anonymous_13)
FN:132,(anonymous_14)
FNF:15
FNH:15
FNDA:15,(anonymous_0)
FNDA:11,(anonymous_1)
FNDA:12,(anonymous_2)
FNDA:1,(anonymous_3)
FNDA:2,(anonymous_4)
FNDA:4,(anonymous_5)
FNDA:11,(anonymous_6)
FNDA:14,(anonymous_7)
FNDA:28,(anonymous_8)
FNDA:1,(anonymous_9)
FNDA:3,(anonymous_10)
FNDA:4,(anonymous_11)
FNDA:1,(anonymous_12)
FNDA:3,(anonymous_13)
FNDA:3,(anonymous_14)
DA:1,1
DA:2,1
DA:4,1
DA:5,15
DA:6,15
DA:7,15
DA:8,15
DA:20,15
DA:25,11
DA:26,5
DA:29,6
DA:33,12
DA:34,5
DA:36,7
DA:40,1
DA:41,1
DA:43,1
DA:44,2
DA:45,2
DA:48,1
DA:53,2
DA:54,1
DA:59,4
DA:65,11
DA:67,30
DA:68,30
DA:70,11
DA:75,14
DA:76,42
DA:77,4
DA:81,42
DA:82,5
DA:85,28
DA:86,14
DA:90,1
DA:94,3
DA:99,4
DA:103,1
DA:104,1
DA:106,1
DA:107,1
DA:109,1
DA:110,1
DA:111,1
DA:113,0
DA:119,3
DA:120,3
DA:121,3
DA:122,3
DA:123,3
DA:124,3
DA:127,3
DA:128,1
DA:133,3
DA:134,3
DA:135,3
DA:137,3
DA:138,3
DA:139,3
DA:140,3
DA:141,3
DA:142,3
DA:144,3
DA:145,3
LF:64
LH:63
BRDA:25,0,0,5
BRDA:25,0,1,6
BRDA:25,1,0,11
BRDA:25,1,1,4
BRDA:25,1,2,8
BRDA:25,1,3,5
BRDA:33,2,0,5
BRDA:33,2,1,7
BRDA:33,3,0,12
BRDA:33,3,1,4
BRDA:33,3,2,9
BRDA:33,3,3,4
BRDA:44,4,0,2
BRDA:44,4,1,0
BRDA:53,5,0,1
BRDA:53,5,1,1
BRDA:76,6,0,4
BRDA:76,6,1,38
BRDA:76,7,0,42
BRDA:76,7,1,40
BRDA:76,7,2,39
BRDA:81,8,0,5
BRDA:81,8,1,37
BRDA:109,9,0,1
BRDA:109,9,1,0
BRDA:127,10,0,1
BRDA:127,10,1,2
BRDA:127,11,0,3
BRDA:127,11,1,2
BRF:29
BRH:27
end_of_record
