TN:
SF:/home/arnar/HagnytGaidaStjornunOgProfanir/game_api/lucky21.js
FN:4,(anonymous_0)
FN:23,(anonymous_1)
FN:32,(anonymous_2)
FN:39,(anonymous_3)
FN:51,(anonymous_4)
FN:58,(anonymous_5)
FN:63,(anonymous_6)
FN:73,(anonymous_7)
FN:80,(anonymous_8)
FN:84,(anonymous_9)
FN:88,(anonymous_10)
FN:93,(anonymous_11)
FN:98,(anonymous_12)
FN:122,(anonymous_13)
FN:137,(anonymous_14)
FN:154,(anonymous_15)
FNF:16
FNH:15
FNDA:15,(anonymous_0)
FNDA:13,(anonymous_1)
FNDA:14,(anonymous_2)
FNDA:1,(anonymous_3)
FNDA:2,(anonymous_4)
FNDA:4,(anonymous_5)
FNDA:22,(anonymous_6)
FNDA:20,(anonymous_7)
FNDA:45,(anonymous_8)
FNDA:1,(anonymous_9)
FNDA:3,(anonymous_10)
FNDA:0,(anonymous_11)
FNDA:6,(anonymous_12)
FNDA:4,(anonymous_13)
FNDA:4,(anonymous_14)
FNDA:4,(anonymous_15)
DA:1,1
DA:2,1
DA:4,1
DA:5,15
DA:6,15
DA:7,15
DA:8,15
DA:20,15
DA:25,13
DA:26,6
DA:29,7
DA:33,14
DA:34,5
DA:36,9
DA:40,1
DA:41,1
DA:43,1
DA:44,2
DA:45,2
DA:48,1
DA:53,2
DA:54,1
DA:59,4
DA:65,22
DA:67,70
DA:68,70
DA:70,22
DA:75,20
DA:76,65
DA:77,5
DA:80,45
DA:81,20
DA:85,1
DA:89,3
DA:94,0
DA:99,6
DA:100,6
DA:101,6
DA:103,6
DA:106,6
DA:107,2
DA:108,4
DA:109,2
DA:110,2
DA:115,4
DA:116,4
DA:118,6
DA:123,4
DA:124,4
DA:125,4
DA:127,4
DA:128,17
DA:129,3
DA:132,4
DA:133,4
DA:139,4
DA:140,4
DA:141,4
DA:142,4
DA:143,4
DA:144,4
DA:145,4
DA:149,4
DA:150,2
DA:155,4
DA:156,4
DA:157,4
DA:159,4
DA:160,4
DA:161,4
DA:162,4
DA:163,4
DA:164,4
DA:165,4
DA:167,4
DA:169,4
DA:170,4
LF:77
LH:76
BRDA:25,0,0,6
BRDA:25,0,1,7
BRDA:25,1,0,13
BRDA:25,1,1,4
BRDA:25,1,2,10
BRDA:25,1,3,7
BRDA:33,2,0,5
BRDA:33,2,1,9
BRDA:33,3,0,14
BRDA:33,3,1,4
BRDA:33,3,2,11
BRDA:33,3,3,4
BRDA:44,4,0,2
BRDA:44,4,1,0
BRDA:53,5,0,1
BRDA:53,5,1,1
BRDA:76,6,0,5
BRDA:76,6,1,60
BRDA:76,7,0,65
BRDA:76,7,1,62
BRDA:76,7,2,61
BRDA:106,8,0,2
BRDA:106,8,1,4
BRDA:108,9,0,2
BRDA:108,9,1,2
BRDA:128,10,0,3
BRDA:128,10,1,14
BRDA:149,11,0,2
BRDA:149,11,1,2
BRDA:149,12,0,4
BRDA:149,12,1,3
BRF:31
BRH:30
end_of_record
